-------------------------------------------------------------------------------
Test set: TestSuite
-------------------------------------------------------------------------------
Tests run: 1, Failures: 1, Errors: 0, Skipped: 0, Time elapsed: 1.109 s <<< FAILURE! - in TestSuite
feature(com.osa.runner.Run)  Time elapsed: 0.175 s  <<< FAILURE!
cucumber.runtime.CucumberException: java.lang.AssertionError: expected [2] but found [1]
Caused by: java.lang.AssertionError: expected [2] but found [1]

