<?xml version="1.0" encoding="UTF-8"?>
<testsuite xmlns:xsi="http://www.w3.org/2001/XMLSchema-instance" xsi:noNamespaceSchemaLocation="https://maven.apache.org/surefire/maven-surefire-plugin/xsd/surefire-test-report.xsd" name="TestSuite" time="1.109" tests="1" errors="0" skipped="0" failures="1">
  <properties>
[...]
</properties>
  <testcase name="feature" classname="com.osa.runner.Run" time="0.175">
    <failure message="java.lang.AssertionError: expected [2] but found [1]" type="cucumber.runtime.CucumberException">cucumber.runtime.CucumberException: java.lang.AssertionError: expected [2] but found [1]
Caused by: java.lang.AssertionError: expected [2] but found [1]
</failure>
    <system-out><![CDATA[Hi there 0
Hi there 1
Hi there 0
Hi there 22
Hi there 2
]]></system-out>
  </testcase>
</testsuite>